# JRE version: Java(TM) SE Runtime Environment (8.0_172-b11) (build 1.8.0_172-b11)
# Java VM: Java HotSpot(TM) 64-Bit Server VM (25.172-b11 mixed mode windows-amd64 compressed oops)
Heap:
 PSYoungGen      total 153088K, used 66109K [0x00000000d5f80000, 0x00000000dfe80000, 0x0000000100000000)
  eden space 145920K, 45% used [0x00000000d5f80000,0x00000000da00f7e8,0x00000000dee00000)
  from space 7168K, 0% used [0x00000000df580000,0x00000000df580000,0x00000000dfc80000)
  to   space 7680K, 0% used [0x00000000dee00000,0x00000000dee00000,0x00000000df580000)
 ParOldGen       total 77312K, used 10853K [0x0000000081e00000, 0x0000000086980000, 0x00000000d5f80000)
  object space 77312K, 14% used [0x0000000081e00000,0x0000000082899470,0x0000000086980000)
 Metaspace       used 39594K, capacity 39937K, committed 40280K, reserved 1083392K
  class space    used 5336K, capacity 5460K, committed 5504K, reserved 1048576K
GC Heap History (10 events):
Event: 2.731 GC heap before
{Heap before GC invocations=8 (full 1):
 PSYoungGen      total 71680K, used 64512K [0x00000000d5f80000, 0x00000000deb80000, 0x0000000100000000)
  eden space 64512K, 100% used [0x00000000d5f80000,0x00000000d9e80000,0x00000000d9e80000)
  from space 7168K, 0% used [0x00000000da580000,0x00000000da580000,0x00000000dac80000)
  to   space 7168K, 0% used [0x00000000d9e80000,0x00000000d9e80000,0x00000000da580000)
 ParOldGen       total 50176K, used 5334K [0x0000000081e00000, 0x0000000084f00000, 0x00000000d5f80000)
  object space 50176K, 10% used [0x0000000081e00000,0x0000000082335940,0x0000000084f00000)
 Metaspace       used 23680K, capacity 23933K, committed 24192K, reserved 1071104K
  class space    used 3265K, capacity 3370K, committed 3456K, reserved 1048576K
Event: 2.733 GC heap after
Heap after GC invocations=8 (full 1):
 PSYoungGen      total 71680K, used 2715K [0x00000000d5f80000, 0x00000000dd500000, 0x0000000100000000)
  eden space 64512K, 0% used [0x00000000d5f80000,0x00000000d5f80000,0x00000000d9e80000)
  from space 7168K, 37% used [0x00000000d9e80000,0x00000000da126c00,0x00000000da580000)
  to   space 7168K, 0% used [0x00000000dce00000,0x00000000dce00000,0x00000000dd500000)
 ParOldGen       total 50176K, used 5342K [0x0000000081e00000, 0x0000000084f00000, 0x00000000d5f80000)
  object space 50176K, 10% used [0x0000000081e00000,0x0000000082337940,0x0000000084f00000)
 Metaspace       used 23680K, capacity 23933K, committed 24192K, reserved 1071104K
  class space    used 3265K, capacity 3370K, committed 3456K, reserved 1048576K
}
Event: 3.086 GC heap before
{Heap before GC invocations=9 (full 1):
 PSYoungGen      total 71680K, used 67227K [0x00000000d5f80000, 0x00000000dd500000, 0x0000000100000000)
  eden space 64512K, 100% used [0x00000000d5f80000,0x00000000d9e80000,0x00000000d9e80000)
  from space 7168K, 37% used [0x00000000d9e80000,0x00000000da126c00,0x00000000da580000)
  to   space 7168K, 0% used [0x00000000dce00000,0x00000000dce00000,0x00000000dd500000)
 ParOldGen       total 50176K, used 5342K [0x0000000081e00000, 0x0000000084f00000, 0x00000000d5f80000)
  object space 50176K, 10% used [0x0000000081e00000,0x0000000082337940,0x0000000084f00000)
 Metaspace       used 26292K, capacity 26589K, committed 26880K, reserved 1073152K
  class space    used 3643K, capacity 3750K, committed 3840K, reserved 1048576K
Event: 3.090 GC heap after
Heap after GC invocations=9 (full 1):
 PSYoungGen      total 113152K, used 3560K [0x00000000d5f80000, 0x00000000dd500000, 0x0000000100000000)
  eden space 105984K, 0% used [0x00000000d5f80000,0x00000000d5f80000,0x00000000dc700000)
  from space 7168K, 49% used [0x00000000dce00000,0x00000000dd17a188,0x00000000dd500000)
  to   space 7168K, 0% used [0x00000000dc700000,0x00000000dc700000,0x00000000dce00000)
 ParOldGen       total 50176K, used 5350K [0x0000000081e00000, 0x0000000084f00000, 0x00000000d5f80000)
  object space 50176K, 10% used [0x0000000081e00000,0x0000000082339940,0x0000000084f00000)
 Metaspace       used 26292K, capacity 26589K, committed 26880K, reserved 1073152K
  class space    used 3643K, capacity 3750K, committed 3840K, reserved 1048576K
}
Event: 3.562 GC heap before
{Heap before GC invocations=10 (full 1):
 PSYoungGen      total 113152K, used 109544K [0x00000000d5f80000, 0x00000000dd500000, 0x0000000100000000)
  eden space 105984K, 100% used [0x00000000d5f80000,0x00000000dc700000,0x00000000dc700000)
  from space 7168K, 49% used [0x00000000dce00000,0x00000000dd17a188,0x00000000dd500000)
  to   space 7168K, 0% used [0x00000000dc700000,0x00000000dc700000,0x00000000dce00000)
 ParOldGen       total 50176K, used 5350K [0x0000000081e00000, 0x0000000084f00000, 0x00000000d5f80000)
  object space 50176K, 10% used [0x0000000081e00000,0x0000000082339940,0x0000000084f00000)
 Metaspace       used 29461K, capacity 29789K, committed 30208K, reserved 1075200K
  class space    used 4157K, capacity 4262K, committed 4352K, reserved 1048576K
Event: 3.566 GC heap after
Heap after GC invocations=10 (full 1):
 PSYoungGen      total 113152K, used 5509K [0x00000000d5f80000, 0x00000000dfc80000, 0x0000000100000000)
  eden space 105984K, 0% used [0x00000000d5f80000,0x00000000d5f80000,0x00000000dc700000)
  from space 7168K, 76% used [0x00000000dc700000,0x00000000dcc61708,0x00000000dce00000)
  to   space 7168K, 0% used [0x00000000df580000,0x00000000df580000,0x00000000dfc80000)
 ParOldGen       total 50176K, used 5358K [0x0000000081e00000, 0x0000000084f00000, 0x00000000d5f80000)
  object space 50176K, 10% used [0x0000000081e00000,0x000000008233b940,0x0000000084f00000)
 Metaspace       used 29461K, capacity 29789K, committed 30208K, reserved 1075200K
  class space    used 4157K, capacity 4262K, committed 4352K, reserved 1048576K
}
Event: 4.073 GC heap before
{Heap before GC invocations=11 (full 1):
 PSYoungGen      total 113152K, used 109946K [0x00000000d5f80000, 0x00000000dfc80000, 0x0000000100000000)
  eden space 105984K, 98% used [0x00000000d5f80000,0x00000000dc57d4c0,0x00000000dc700000)
  from space 7168K, 76% used [0x00000000dc700000,0x00000000dcc61708,0x00000000dce00000)
  to   space 7168K, 0% used [0x00000000df580000,0x00000000df580000,0x00000000dfc80000)
 ParOldGen       total 50176K, used 5358K [0x0000000081e00000, 0x0000000084f00000, 0x00000000d5f80000)
  object space 50176K, 10% used [0x0000000081e00000,0x000000008233b940,0x0000000084f00000)
 Metaspace       used 34853K, capacity 35151K, committed 35416K, reserved 1079296K
  class space    used 4839K, capacity 4941K, committed 4992K, reserved 1048576K
Event: 4.080 GC heap after
Heap after GC invocations=11 (full 1):
 PSYoungGen      total 153088K, used 6234K [0x00000000d5f80000, 0x00000000dfe80000, 0x0000000100000000)
  eden space 145920K, 0% used [0x00000000d5f80000,0x00000000d5f80000,0x00000000dee00000)
  from space 7168K, 86% used [0x00000000df580000,0x00000000dfb969b8,0x00000000dfc80000)
  to   space 7680K, 0% used [0x00000000dee00000,0x00000000dee00000,0x00000000df580000)
 ParOldGen       total 50176K, used 6583K [0x0000000081e00000, 0x0000000084f00000, 0x00000000d5f80000)
  object space 50176K, 13% used [0x0000000081e00000,0x000000008246dc48,0x0000000084f00000)
 Metaspace       used 34853K, capacity 35151K, committed 35416K, reserved 1079296K
  class space    used 4839K, capacity 4941K, committed 4992K, reserved 1048576K
}
Event: 4.080 GC heap before
{Heap before GC invocations=12 (full 2):
 PSYoungGen      total 153088K, used 6234K [0x00000000d5f80000, 0x00000000dfe80000, 0x0000000100000000)
  eden space 145920K, 0% used [0x00000000d5f80000,0x00000000d5f80000,0x00000000dee00000)
  from space 7168K, 86% used [0x00000000df580000,0x00000000dfb969b8,0x00000000dfc80000)
  to   space 7680K, 0% used [0x00000000dee00000,0x00000000dee00000,0x00000000df580000)
 ParOldGen       total 50176K, used 6583K [0x0000000081e00000, 0x0000000084f00000, 0x00000000d5f80000)
  object space 50176K, 13% used [0x0000000081e00000,0x000000008246dc48,0x0000000084f00000)
 Metaspace       used 34853K, capacity 35151K, committed 35416K, reserved 1079296K
  class space    used 4839K, capacity 4941K, committed 4992K, reserved 1048576K
Event: 4.106 GC heap after
Heap after GC invocations=12 (full 2):
 PSYoungGen      total 153088K, used 0K [0x00000000d5f80000, 0x00000000dfe80000, 0x0000000100000000)
  eden space 145920K, 0% used [0x00000000d5f80000,0x00000000d5f80000,0x00000000dee00000)
  from space 7168K, 0% used [0x00000000df580000,0x00000000df580000,0x00000000dfc80000)
  to   space 7680K, 0% used [0x00000000dee00000,0x00000000dee00000,0x00000000df580000)
 ParOldGen       total 77312K, used 10853K [0x0000000081e00000, 0x0000000086980000, 0x00000000d5f80000)
  object space 77312K, 14% used [0x0000000081e00000,0x0000000082899470,0x0000000086980000)
 Metaspace       used 34851K, capacity 35149K, committed 35416K, reserved 1079296K
  class space    used 4839K, capacity 4940K, committed 4992K, reserved 1048576K
}

