# JRE version: Java(TM) SE Runtime Environment (8.0_172-b11) (build 1.8.0_172-b11)
# Java VM: Java HotSpot(TM) 64-Bit Server VM (25.172-b11 mixed mode windows-amd64 compressed oops)
Heap:
 PSYoungGen      total 146944K, used 54828K [0x00000000d5f80000, 0x00000000e2b00000, 0x0000000100000000)
  eden space 139264K, 39% used [0x00000000d5f80000,0x00000000d950b0d0,0x00000000de780000)
  from space 7680K, 0% used [0x00000000de780000,0x00000000de780000,0x00000000def00000)
  to   space 7680K, 0% used [0x00000000e2380000,0x00000000e2380000,0x00000000e2b00000)
 ParOldGen       total 77312K, used 7972K [0x0000000081e00000, 0x0000000086980000, 0x00000000d5f80000)
  object space 77312K, 10% used [0x0000000081e00000,0x00000000825c93e8,0x0000000086980000)
 Metaspace       used 38088K, capacity 38469K, committed 38872K, reserved 1083392K
  class space    used 5232K, capacity 5354K, committed 5376K, reserved 1048576K
GC Heap History (10 events):
Event: 2.601 GC heap before
{Heap before GC invocations=9 (full 1):
 PSYoungGen      total 71680K, used 66560K [0x00000000d5f80000, 0x00000000dee80000, 0x0000000100000000)
  eden space 66560K, 100% used [0x00000000d5f80000,0x00000000da080000,0x00000000da080000)
  from space 5120K, 0% used [0x00000000da080000,0x00000000da080000,0x00000000da580000)
  to   space 6656K, 0% used [0x00000000de800000,0x00000000de800000,0x00000000dee80000)
 ParOldGen       total 54784K, used 6566K [0x0000000081e00000, 0x0000000085380000, 0x00000000d5f80000)
  object space 54784K, 11% used [0x0000000081e00000,0x0000000082469a48,0x0000000085380000)
 Metaspace       used 23709K, capacity 23933K, committed 24192K, reserved 1071104K
  class space    used 3273K, capacity 3370K, committed 3456K, reserved 1048576K
Event: 2.603 GC heap after
Heap after GC invocations=9 (full 1):
 PSYoungGen      total 108032K, used 2679K [0x00000000d5f80000, 0x00000000deb00000, 0x0000000100000000)
  eden space 104960K, 0% used [0x00000000d5f80000,0x00000000d5f80000,0x00000000dc600000)
  from space 3072K, 87% used [0x00000000de800000,0x00000000dea9ded8,0x00000000deb00000)
  to   space 6656K, 0% used [0x00000000dde00000,0x00000000dde00000,0x00000000de480000)
 ParOldGen       total 54784K, used 6574K [0x0000000081e00000, 0x0000000085380000, 0x00000000d5f80000)
  object space 54784K, 12% used [0x0000000081e00000,0x000000008246ba48,0x0000000085380000)
 Metaspace       used 23709K, capacity 23933K, committed 24192K, reserved 1071104K
  class space    used 3273K, capacity 3370K, committed 3456K, reserved 1048576K
}
Event: 3.272 GC heap before
{Heap before GC invocations=10 (full 1):
 PSYoungGen      total 108032K, used 107639K [0x00000000d5f80000, 0x00000000deb00000, 0x0000000100000000)
  eden space 104960K, 100% used [0x00000000d5f80000,0x00000000dc600000,0x00000000dc600000)
  from space 3072K, 87% used [0x00000000de800000,0x00000000dea9ded8,0x00000000deb00000)
  to   space 6656K, 0% used [0x00000000dde00000,0x00000000dde00000,0x00000000de480000)
 ParOldGen       total 54784K, used 6574K [0x0000000081e00000, 0x0000000085380000, 0x00000000d5f80000)
  object space 54784K, 12% used [0x0000000081e00000,0x000000008246ba48,0x0000000085380000)
 Metaspace       used 27801K, capacity 28125K, committed 28416K, reserved 1073152K
  class space    used 3906K, capacity 4006K, committed 4096K, reserved 1048576K
Event: 3.278 GC heap after
Heap after GC invocations=10 (full 1):
 PSYoungGen      total 136192K, used 5076K [0x00000000d5f80000, 0x00000000df580000, 0x0000000100000000)
  eden space 129536K, 0% used [0x00000000d5f80000,0x00000000d5f80000,0x00000000dde00000)
  from space 6656K, 76% used [0x00000000dde00000,0x00000000de2f5120,0x00000000de480000)
  to   space 6656K, 0% used [0x00000000def00000,0x00000000def00000,0x00000000df580000)
 ParOldGen       total 54784K, used 6582K [0x0000000081e00000, 0x0000000085380000, 0x00000000d5f80000)
  object space 54784K, 12% used [0x0000000081e00000,0x000000008246da48,0x0000000085380000)
 Metaspace       used 27801K, capacity 28125K, committed 28416K, reserved 1073152K
  class space    used 3906K, capacity 4006K, committed 4096K, reserved 1048576K
}
Event: 3.723 GC heap before
{Heap before GC invocations=11 (full 1):
 PSYoungGen      total 136192K, used 134612K [0x00000000d5f80000, 0x00000000df580000, 0x0000000100000000)
  eden space 129536K, 100% used [0x00000000d5f80000,0x00000000dde00000,0x00000000dde00000)
  from space 6656K, 76% used [0x00000000dde00000,0x00000000de2f5120,0x00000000de480000)
  to   space 6656K, 0% used [0x00000000def00000,0x00000000def00000,0x00000000df580000)
 ParOldGen       total 54784K, used 6582K [0x0000000081e00000, 0x0000000085380000, 0x00000000d5f80000)
  object space 54784K, 12% used [0x0000000081e00000,0x000000008246da48,0x0000000085380000)
 Metaspace       used 32831K, capacity 33121K, committed 33408K, reserved 1077248K
  class space    used 4600K, capacity 4712K, committed 4736K, reserved 1048576K
Event: 3.729 GC heap after
Heap after GC invocations=11 (full 1):
 PSYoungGen      total 145920K, used 6372K [0x00000000d5f80000, 0x00000000e1900000, 0x0000000100000000)
  eden space 139264K, 0% used [0x00000000d5f80000,0x00000000d5f80000,0x00000000de780000)
  from space 6656K, 95% used [0x00000000def00000,0x00000000df5392e8,0x00000000df580000)
  to   space 7680K, 0% used [0x00000000de780000,0x00000000de780000,0x00000000def00000)
 ParOldGen       total 54784K, used 6988K [0x0000000081e00000, 0x0000000085380000, 0x00000000d5f80000)
  object space 54784K, 12% used [0x0000000081e00000,0x00000000824d3368,0x0000000085380000)
 Metaspace       used 32831K, capacity 33121K, committed 33408K, reserved 1077248K
  class space    used 4600K, capacity 4712K, committed 4736K, reserved 1048576K
}
Event: 3.841 GC heap before
{Heap before GC invocations=12 (full 1):
 PSYoungGen      total 145920K, used 37161K [0x00000000d5f80000, 0x00000000e1900000, 0x0000000100000000)
  eden space 139264K, 22% used [0x00000000d5f80000,0x00000000d7d91470,0x00000000de780000)
  from space 6656K, 95% used [0x00000000def00000,0x00000000df5392e8,0x00000000df580000)
  to   space 7680K, 0% used [0x00000000de780000,0x00000000de780000,0x00000000def00000)
 ParOldGen       total 54784K, used 6988K [0x0000000081e00000, 0x0000000085380000, 0x00000000d5f80000)
  object space 54784K, 12% used [0x0000000081e00000,0x00000000824d3368,0x0000000085380000)
 Metaspace       used 34917K, capacity 35195K, committed 35416K, reserved 1079296K
  class space    used 4847K, capacity 4979K, committed 4992K, reserved 1048576K
Event: 3.843 GC heap after
Heap after GC invocations=12 (full 1):
 PSYoungGen      total 146944K, used 1699K [0x00000000d5f80000, 0x00000000e2b00000, 0x0000000100000000)
  eden space 139264K, 0% used [0x00000000d5f80000,0x00000000d5f80000,0x00000000de780000)
  from space 7680K, 22% used [0x00000000de780000,0x00000000de928c70,0x00000000def00000)
  to   space 7680K, 0% used [0x00000000e2380000,0x00000000e2380000,0x00000000e2b00000)
 ParOldGen       total 54784K, used 9229K [0x0000000081e00000, 0x0000000085380000, 0x00000000d5f80000)
  object space 54784K, 16% used [0x0000000081e00000,0x0000000082703750,0x0000000085380000)
 Metaspace       used 34917K, capacity 35195K, committed 35416K, reserved 1079296K
  class space    used 4847K, capacity 4979K, committed 4992K, reserved 1048576K
}
Event: 3.843 GC heap before
{Heap before GC invocations=13 (full 2):
 PSYoungGen      total 146944K, used 1699K [0x00000000d5f80000, 0x00000000e2b00000, 0x0000000100000000)
  eden space 139264K, 0% used [0x00000000d5f80000,0x00000000d5f80000,0x00000000de780000)
  from space 7680K, 22% used [0x00000000de780000,0x00000000de928c70,0x00000000def00000)
  to   space 7680K, 0% used [0x00000000e2380000,0x00000000e2380000,0x00000000e2b00000)
 ParOldGen       total 54784K, used 9229K [0x0000000081e00000, 0x0000000085380000, 0x00000000d5f80000)
  object space 54784K, 16% used [0x0000000081e00000,0x0000000082703750,0x0000000085380000)
 Metaspace       used 34917K, capacity 35195K, committed 35416K, reserved 1079296K
  class space    used 4847K, capacity 4979K, committed 4992K, reserved 1048576K
Event: 3.864 GC heap after
Heap after GC invocations=13 (full 2):
 PSYoungGen      total 146944K, used 0K [0x00000000d5f80000, 0x00000000e2b00000, 0x0000000100000000)
  eden space 139264K, 0% used [0x00000000d5f80000,0x00000000d5f80000,0x00000000de780000)
  from space 7680K, 0% used [0x00000000de780000,0x00000000de780000,0x00000000def00000)
  to   space 7680K, 0% used [0x00000000e2380000,0x00000000e2380000,0x00000000e2b00000)
 ParOldGen       total 77312K, used 7972K [0x0000000081e00000, 0x0000000086980000, 0x00000000d5f80000)
  object space 77312K, 10% used [0x0000000081e00000,0x00000000825c93e8,0x0000000086980000)
 Metaspace       used 34909K, capacity 35183K, committed 35416K, reserved 1079296K
  class space    used 4844K, capacity 4973K, committed 4992K, reserved 1048576K
}

